2017/07/14 16:28:45 INFO  - jmeter.util.JMeterUtils: Setting Locale to en_US 
2017/07/14 16:28:45 INFO  - jmeter.JMeter: Loading user properties from: /Users/admin/JIYOapiTEST/Application/bin/user.properties 
2017/07/14 16:28:45 INFO  - jmeter.JMeter: Loading system properties from: /Users/admin/JIYOapiTEST/Application/bin/system.properties 
2017/07/14 16:28:45 INFO  - jmeter.JMeter: Copyright (c) 1998-2016 The Apache Software Foundation 
2017/07/14 16:28:45 INFO  - jmeter.JMeter: Version 3.1 r1770033 
2017/07/14 16:28:45 INFO  - jmeter.JMeter: java.version=1.8.0_72 
2017/07/14 16:28:45 INFO  - jmeter.JMeter: java.vm.name=Java HotSpot(TM) 64-Bit Server VM 
2017/07/14 16:28:45 INFO  - jmeter.JMeter: os.name=Mac OS X 
2017/07/14 16:28:45 INFO  - jmeter.JMeter: os.arch=x86_64 
2017/07/14 16:28:45 INFO  - jmeter.JMeter: os.version=10.12.5 
2017/07/14 16:28:45 INFO  - jmeter.JMeter: file.encoding=UTF-8 
2017/07/14 16:28:45 INFO  - jmeter.JMeter: Max memory     =1908932608 
2017/07/14 16:28:45 INFO  - jmeter.JMeter: Available Processors =4 
2017/07/14 16:28:45 INFO  - jmeter.JMeter: Default Locale=English (United States) 
2017/07/14 16:28:45 INFO  - jmeter.JMeter: JMeter  Locale=English (United States) 
2017/07/14 16:28:45 INFO  - jmeter.JMeter: JMeterHome=/Users/admin/JIYOapiTEST/Application 
2017/07/14 16:28:45 INFO  - jmeter.JMeter: user.dir  =/Users/admin/JIYOapiTEST/Application/bin 
2017/07/14 16:28:45 INFO  - jmeter.JMeter: PWD       =/Users/admin/JIYOapiTEST/Application/bin 
2017/07/14 16:28:45 INFO  - jmeter.JMeter: IP: 172.16.20.249 Name: Mac-mini.local FullName: 172.16.20.249 
2017/07/14 16:28:46 INFO  - jmeter.gui.action.LookAndFeelCommand: Using look and feel: com.apple.laf.AquaLookAndFeel [Mac OS X, System] 
2017/07/14 16:28:46 INFO  - jmeter.JMeter: Loaded icon properties from org/apache/jmeter/images/icon.properties 
2017/07/14 16:28:51 INFO  - jmeter.engine.util.CompoundVariable: Note: Function class names must contain the string: '.functions.' 
2017/07/14 16:28:51 INFO  - jmeter.engine.util.CompoundVariable: Note: Function class names must not contain the string: '.gui.' 
2017/07/14 16:28:55 INFO  - org.jmeterplugins.repository.PluginManager: Plugins Status: [jpgc-graphs-basic=2.0, jpgc-graphs-additional=2.0, jpgc-autostop=0.1, blazemeter-debugger=0.3, jpgc-cmd=2.1, jpgc-graphs-composite=2.0, jpgc-csl=0.1, jpgc-functions=2.0, custom-soap=1.3, jpgc-casutg=2.1, jpgc-dbmon=0.1, jpgc-directory-listing=0.1, jpgc-graphs-dist=2.0, jpgc-dummy=0.2, elasticsearch-backend-listener=0.0.0-STOCK, jmeter-ftp=3.1, jpgc-filterresults=2.1, jpgc-ffw=2.0, jpgc-ggl=2.0, jmeter-http=3.1, jpgc-httpraw=0.1, jpgc-sts=2.2, jpgc-fifo=0.2, jmeter-jdbc=3.1, jpgc-jms=0.2, jmeter-jms=3.1, jpgc-jmxmon=0.2, jmeter-core=3.1, jpgc-json=2.6, jmeter-junit=3.1, jmeter-java=3.1, jpgc-graphs-vs=2.0, jmeter-ldap=3.1, jmeter-mail=3.1, jpgc-mergeresults=2.1, jmeter-mongodb=3.1, jpgc-oauth=0.1, jmeter-native=3.1, jpgc-pde=0.1, bzm-parallel=0.1, jpgc-prmctl=0.3, jpgc-perfmon=2.1, jpgc-plugins-manager=0.13, jpgc-rotating-listener=0.1, ssh-sampler=1.1.1-SNAPSHOT, tilln-sshmon=1.0, jpgc-webdriver=1.4.0, jpgc-synthesis=2.1, jmeter-tcp=3.1, jpgc-plancheck=2.2, jpgc-tst=2.1, jpgc-udp=0.3, jpgc-csvars=0.1, jmeter-components=3.1, tilln-wssecurity=1.2, websocket-sampler=1.0.2-SNAPSHOT, websocket-samplers=0.9, jpgc-wsc=0.2, jpgc-xml=0.1, jpgc-xmpp=1.5.1, jpgc-standard=2.0] 
2017/07/14 16:28:55 INFO  - jmeter.protocol.http.sampler.HTTPSamplerBase: Parser for text/html is org.apache.jmeter.protocol.http.parser.LagartoBasedHtmlParser 
2017/07/14 16:28:55 INFO  - jmeter.protocol.http.sampler.HTTPSamplerBase: Parser for application/xhtml+xml is org.apache.jmeter.protocol.http.parser.LagartoBasedHtmlParser 
2017/07/14 16:28:55 INFO  - jmeter.protocol.http.sampler.HTTPSamplerBase: Parser for application/xml is org.apache.jmeter.protocol.http.parser.LagartoBasedHtmlParser 
2017/07/14 16:28:55 INFO  - jmeter.protocol.http.sampler.HTTPSamplerBase: Parser for text/xml is org.apache.jmeter.protocol.http.parser.LagartoBasedHtmlParser 
2017/07/14 16:28:55 INFO  - jmeter.protocol.http.sampler.HTTPSamplerBase: Parser for text/vnd.wap.wml is org.apache.jmeter.protocol.http.parser.RegexpHTMLParser 
2017/07/14 16:28:55 INFO  - jmeter.protocol.http.sampler.HTTPSamplerBase: Parser for text/css is org.apache.jmeter.protocol.http.parser.CssParser 
2017/07/14 16:28:56 WARN  - jorphan.gui.ObjectTableModel: Header count=13 but classes count=11 
2017/07/14 16:28:56 WARN  - jorphan.gui.ObjectTableModel: Header count=13 but writeFunctor count=11 
2017/07/14 16:28:57 INFO  - jmeter.gui.util.MenuFactory: Skipping org.apache.jmeter.assertions.BSFAssertion 
2017/07/14 16:28:57 INFO  - jmeter.gui.util.MenuFactory: Skipping org.apache.jmeter.extractor.BSFPostProcessor 
2017/07/14 16:28:57 INFO  - jmeter.gui.util.MenuFactory: Skipping org.apache.jmeter.modifiers.BSFPreProcessor 
2017/07/14 16:28:58 INFO  - jorphan.exec.KeyToolUtils: keytool found at 'keytool' 
2017/07/14 16:28:58 INFO  - jmeter.protocol.http.proxy.ProxyControl: HTTP(S) Test Script Recorder SSL Proxy will use keys that support embedded 3rd party resources in file /Users/admin/JIYOapiTEST/Application/bin/proxyserver.jks 
2017/07/14 16:28:59 INFO  - jmeter.gui.util.MenuFactory: Skipping org.apache.jmeter.protocol.java.sampler.BSFSampler 
2017/07/14 16:28:59 INFO  - jmeter.gui.util.MenuFactory: Skipping org.apache.jmeter.protocol.mongodb.config.MongoSourceElement 
2017/07/14 16:28:59 INFO  - jmeter.gui.util.MenuFactory: Skipping org.apache.jmeter.protocol.mongodb.sampler.MongoScriptSampler 
2017/07/14 16:28:59 INFO  - jmeter.gui.util.MenuFactory: Skipping org.apache.jmeter.timers.BSFTimer 
2017/07/14 16:28:59 INFO  - jmeter.gui.util.MenuFactory: Skipping org.apache.jmeter.visualizers.BSFListener 
2017/07/14 16:28:59 INFO  - jmeter.gui.util.MenuFactory: Skipping org.apache.jmeter.visualizers.MonitorHealthVisualizer 
2017/07/14 16:28:59 INFO  - jmeter.samplers.SampleResult: Note: Sample TimeStamps are START times 
2017/07/14 16:28:59 INFO  - jmeter.samplers.SampleResult: sampleresult.default.encoding is set to ISO-8859-1 
2017/07/14 16:28:59 INFO  - jmeter.samplers.SampleResult: sampleresult.useNanoTime=true 
2017/07/14 16:28:59 INFO  - jmeter.samplers.SampleResult: sampleresult.nanoThreadSleep=5000 
2017/07/14 16:29:14 INFO  - jmeter.services.FileServer: Default base='/Users/admin/JIYOapiTEST/Application/bin' 
2017/07/14 16:29:14 INFO  - jmeter.gui.action.Load: Loading file: /Users/admin/Desktop/JIYOmeditationRoom.jmx 
2017/07/14 16:29:14 INFO  - jmeter.services.FileServer: Set new base='/Users/admin/Desktop' 
2017/07/14 16:29:14 INFO  - jmeter.save.SaveService: Testplan (JMX) version: 2.2. Testlog (JTL) version: 2.2 
2017/07/14 16:29:14 INFO  - jmeter.save.SaveService: Using SaveService properties file encoding UTF-8 
2017/07/14 16:29:14 INFO  - jmeter.save.SaveService: Using SaveService properties version 3.1 
2017/07/14 16:29:14 INFO  - jmeter.save.SaveService: All converter versions present and correct 
2017/07/14 16:29:14 INFO  - jmeter.save.SaveService: Loading file: /Users/admin/Desktop/JIYOmeditationRoom.jmx 
2017/07/14 16:29:14 INFO  - jmeter.protocol.http.control.CookieManager: Settings: Delete null: true Check: true Allow variable: true Save: false Prefix: COOKIE_ 
2017/07/14 16:29:14 INFO  - jmeter.protocol.http.control.CacheManager: Will only cache the following methods: [GET] 
2017/07/14 16:29:14 INFO  - jmeter.services.FileServer: Set new base='/Users/admin/Desktop' 
2017/07/14 16:29:21 INFO  - jmeter.engine.StandardJMeterEngine: Running the test! 
2017/07/14 16:29:21 INFO  - jmeter.samplers.SampleEvent: List of sample_variables: [] 
2017/07/14 16:29:21 INFO  - jmeter.samplers.SampleEvent: List of sample_variables: [] 
2017/07/14 16:29:21 INFO  - jmeter.gui.util.JMeterMenuBar: setRunning(true,*local*) 
2017/07/14 16:29:21 INFO  - jmeter.engine.StandardJMeterEngine: Starting ThreadGroup: 1 : JIYO-MeditationRoom 
2017/07/14 16:29:21 INFO  - jmeter.engine.StandardJMeterEngine: Starting 1 threads for group JIYO-MeditationRoom. 
2017/07/14 16:29:21 INFO  - jmeter.engine.StandardJMeterEngine: Thread will continue on error 
2017/07/14 16:29:21 INFO  - jmeter.threads.ThreadGroup: Starting thread group number 1 threads 1 ramp-up 1 perThread 1000.0 delayedStart=false 
2017/07/14 16:29:21 INFO  - jmeter.threads.ThreadGroup: Started thread group number 1 
2017/07/14 16:29:21 INFO  - jmeter.engine.StandardJMeterEngine: All thread groups have been started 
2017/07/14 16:29:21 INFO  - jmeter.threads.JMeterThread: Thread started: JIYO-MeditationRoom 1-1 
2017/07/14 16:29:25 INFO  - jmeter.protocol.http.sampler.HTTPHCAbstractImpl: Local host = Mac-mini.local 
2017/07/14 16:29:25 INFO  - jmeter.protocol.http.sampler.HTTPHC4Impl: HTTP request retry count = 0 
2017/07/14 16:29:25 INFO  - jmeter.protocol.http.sampler.LazySchemeSocketFactory: Setting up HTTPS TrustAll Socket Factory 
2017/07/14 16:29:25 INFO  - jmeter.util.JsseSSLManager: Using default SSL protocol: TLS 
2017/07/14 16:29:25 INFO  - jmeter.util.JsseSSLManager: SSL session context: per-thread 
2017/07/14 16:29:25 INFO  - jmeter.util.SSLManager: JmeterKeyStore Location:  type JKS 
2017/07/14 16:29:25 INFO  - jmeter.util.SSLManager: KeyStore created OK 
2017/07/14 16:29:25 WARN  - jmeter.util.SSLManager: Keystore file not found, loading empty keystore 
2017/07/14 16:29:55 INFO  - jmeter.threads.JMeterThread: Thread is done: JIYO-MeditationRoom 1-1 
2017/07/14 16:29:55 INFO  - jmeter.threads.JMeterThread: Thread finished: JIYO-MeditationRoom 1-1 
2017/07/14 16:29:55 INFO  - jmeter.engine.StandardJMeterEngine: Notifying test listeners of end of test 
2017/07/14 16:29:55 INFO  - jmeter.gui.util.JMeterMenuBar: setRunning(false,*local*) 
